# JRE version: OpenJDK Runtime Environment Temurin-21.0.8+9 (21.0.8+9) (build 21.0.8+9-LTS)
# Java VM: OpenJDK 64-Bit Server VM Temurin-21.0.8+9 (21.0.8+9-LTS, mixed mode, sharing, tiered, compressed oops, compressed class ptrs, parallel gc, windows-amd64)
GC Precious Log:
 CardTable entry size: 512
 CPUs: 16 total, 16 available
 Memory: 15554M
 Large Page Support: Disabled
 NUMA Support: Disabled
 Compressed Oops: Enabled (32-bit)
 Alignments: Space 512K, Generation 512K, Heap 2M
 Heap Min Capacity: 100M
 Heap Initial Capacity: 100M
 Heap Max Capacity: 2G
 Pre-touch: Disabled
 Parallel Workers: 13
Heap:
 PSYoungGen      total 7680K, used 5452K [0x00000000d5580000, 0x00000000d6000000, 0x0000000100000000)
  eden space 6656K, 71% used [0x00000000d5580000,0x00000000d5a2b130,0x00000000d5c00000)
  from space 1024K, 65% used [0x00000000d5f00000,0x00000000d5fa8000,0x00000000d6000000)
  to   space 1024K, 0% used [0x00000000d5e00000,0x00000000d5e00000,0x00000000d5f00000)
 ParOldGen       total 1365504K, used 939231K [0x0000000080000000, 0x00000000d3580000, 0x00000000d5580000)
  object space 1365504K, 68% used [0x0000000080000000,0x00000000b9537d28,0x00000000d3580000)
 Metaspace       used 84752K, committed 86336K, reserved 1179648K
  class space    used 8467K, committed 9152K, reserved 1048576K
GC Heap History (20 events):
Event: 1640.616 GC heap before
{Heap before GC invocations=4880 (full 5):
 PSYoungGen      total 7168K, used 7167K [0x00000000d5580000, 0x00000000d5e80000, 0x0000000100000000)
  eden space 6656K, 99% used [0x00000000d5580000,0x00000000d5bffff8,0x00000000d5c00000)
  from space 512K, 100% used [0x00000000d5e00000,0x00000000d5e80000,0x00000000d5e80000)
  to   space 1024K, 0% used [0x00000000d5c80000,0x00000000d5c80000,0x00000000d5d80000)
 ParOldGen       total 1365504K, used 930016K [0x0000000080000000, 0x00000000d3580000, 0x00000000d5580000)
  object space 1365504K, 68% used [0x0000000080000000,0x00000000b8c38168,0x00000000d3580000)
 Metaspace       used 84417K, committed 85952K, reserved 1179648K
  class space    used 8424K, committed 9088K, reserved 1048576K
}
Event: 1640.619 GC heap after
{Heap after GC invocations=4880 (full 5):
 PSYoungGen      total 7680K, used 576K [0x00000000d5580000, 0x00000000d5e80000, 0x0000000100000000)
  eden space 6656K, 0% used [0x00000000d5580000,0x00000000d5580000,0x00000000d5c00000)
  from space 1024K, 56% used [0x00000000d5c80000,0x00000000d5d10000,0x00000000d5d80000)
  to   space 1024K, 0% used [0x00000000d5d80000,0x00000000d5d80000,0x00000000d5e80000)
 ParOldGen       total 1365504K, used 930542K [0x0000000080000000, 0x00000000d3580000, 0x00000000d5580000)
  object space 1365504K, 68% used [0x0000000080000000,0x00000000b8cbbbf8,0x00000000d3580000)
 Metaspace       used 84417K, committed 85952K, reserved 1179648K
  class space    used 8424K, committed 9088K, reserved 1048576K
}
Event: 1640.839 GC heap before
{Heap before GC invocations=4881 (full 5):
 PSYoungGen      total 7680K, used 7231K [0x00000000d5580000, 0x00000000d5e80000, 0x0000000100000000)
  eden space 6656K, 99% used [0x00000000d5580000,0x00000000d5bfffe8,0x00000000d5c00000)
  from space 1024K, 56% used [0x00000000d5c80000,0x00000000d5d10000,0x00000000d5d80000)
  to   space 1024K, 0% used [0x00000000d5d80000,0x00000000d5d80000,0x00000000d5e80000)
 ParOldGen       total 1365504K, used 930542K [0x0000000080000000, 0x00000000d3580000, 0x00000000d5580000)
  object space 1365504K, 68% used [0x0000000080000000,0x00000000b8cbbbf8,0x00000000d3580000)
 Metaspace       used 84454K, committed 86016K, reserved 1179648K
  class space    used 8424K, committed 9088K, reserved 1048576K
}
Event: 1640.841 GC heap after
{Heap after GC invocations=4881 (full 5):
 PSYoungGen      total 7168K, used 288K [0x00000000d5580000, 0x00000000d5e00000, 0x0000000100000000)
  eden space 6656K, 0% used [0x00000000d5580000,0x00000000d5580000,0x00000000d5c00000)
  from space 512K, 56% used [0x00000000d5d80000,0x00000000d5dc8000,0x00000000d5e00000)
  to   space 512K, 0% used [0x00000000d5d00000,0x00000000d5d00000,0x00000000d5d80000)
 ParOldGen       total 1365504K, used 930968K [0x0000000080000000, 0x00000000d3580000, 0x00000000d5580000)
  object space 1365504K, 68% used [0x0000000080000000,0x00000000b8d263f8,0x00000000d3580000)
 Metaspace       used 84454K, committed 86016K, reserved 1179648K
  class space    used 8424K, committed 9088K, reserved 1048576K
}
Event: 1640.855 GC heap before
{Heap before GC invocations=4882 (full 5):
 PSYoungGen      total 7168K, used 6944K [0x00000000d5580000, 0x00000000d5e00000, 0x0000000100000000)
  eden space 6656K, 100% used [0x00000000d5580000,0x00000000d5c00000,0x00000000d5c00000)
  from space 512K, 56% used [0x00000000d5d80000,0x00000000d5dc8000,0x00000000d5e00000)
  to   space 512K, 0% used [0x00000000d5d00000,0x00000000d5d00000,0x00000000d5d80000)
 ParOldGen       total 1365504K, used 930968K [0x0000000080000000, 0x00000000d3580000, 0x00000000d5580000)
  object space 1365504K, 68% used [0x0000000080000000,0x00000000b8d263f8,0x00000000d3580000)
 Metaspace       used 84497K, committed 86016K, reserved 1179648K
  class space    used 8424K, committed 9088K, reserved 1048576K
}
Event: 1640.859 GC heap after
{Heap after GC invocations=4882 (full 5):
 PSYoungGen      total 7168K, used 486K [0x00000000d5580000, 0x00000000d6700000, 0x0000000100000000)
  eden space 6656K, 0% used [0x00000000d5580000,0x00000000d5580000,0x00000000d5c00000)
  from space 512K, 95% used [0x00000000d5d00000,0x00000000d5d79b18,0x00000000d5d80000)
  to   space 5632K, 0% used [0x00000000d6180000,0x00000000d6180000,0x00000000d6700000)
 ParOldGen       total 1365504K, used 935242K [0x0000000080000000, 0x00000000d3580000, 0x00000000d5580000)
  object space 1365504K, 68% used [0x0000000080000000,0x00000000b9152b90,0x00000000d3580000)
 Metaspace       used 84497K, committed 86016K, reserved 1179648K
  class space    used 8424K, committed 9088K, reserved 1048576K
}
Event: 1640.920 GC heap before
{Heap before GC invocations=4883 (full 5):
 PSYoungGen      total 7168K, used 7142K [0x00000000d5580000, 0x00000000d6700000, 0x0000000100000000)
  eden space 6656K, 100% used [0x00000000d5580000,0x00000000d5c00000,0x00000000d5c00000)
  from space 512K, 95% used [0x00000000d5d00000,0x00000000d5d79b18,0x00000000d5d80000)
  to   space 5632K, 0% used [0x00000000d6180000,0x00000000d6180000,0x00000000d6700000)
 ParOldGen       total 1365504K, used 935242K [0x0000000080000000, 0x00000000d3580000, 0x00000000d5580000)
  object space 1365504K, 68% used [0x0000000080000000,0x00000000b9152b90,0x00000000d3580000)
 Metaspace       used 84605K, committed 86208K, reserved 1179648K
  class space    used 8451K, committed 9152K, reserved 1048576K
}
Event: 1640.921 GC heap after
{Heap after GC invocations=4883 (full 5):
 PSYoungGen      total 8192K, used 1056K [0x00000000d5580000, 0x00000000d6300000, 0x0000000100000000)
  eden space 6656K, 0% used [0x00000000d5580000,0x00000000d5580000,0x00000000d5c00000)
  from space 1536K, 68% used [0x00000000d6180000,0x00000000d6288000,0x00000000d6300000)
  to   space 2560K, 0% used [0x00000000d5e00000,0x00000000d5e00000,0x00000000d6080000)
 ParOldGen       total 1365504K, used 935442K [0x0000000080000000, 0x00000000d3580000, 0x00000000d5580000)
  object space 1365504K, 68% used [0x0000000080000000,0x00000000b9184b90,0x00000000d3580000)
 Metaspace       used 84605K, committed 86208K, reserved 1179648K
  class space    used 8451K, committed 9152K, reserved 1048576K
}
Event: 1640.949 GC heap before
{Heap before GC invocations=4884 (full 5):
 PSYoungGen      total 8192K, used 7712K [0x00000000d5580000, 0x00000000d6300000, 0x0000000100000000)
  eden space 6656K, 100% used [0x00000000d5580000,0x00000000d5c00000,0x00000000d5c00000)
  from space 1536K, 68% used [0x00000000d6180000,0x00000000d6288000,0x00000000d6300000)
  to   space 2560K, 0% used [0x00000000d5e00000,0x00000000d5e00000,0x00000000d6080000)
 ParOldGen       total 1365504K, used 935442K [0x0000000080000000, 0x00000000d3580000, 0x00000000d5580000)
  object space 1365504K, 68% used [0x0000000080000000,0x00000000b9184b90,0x00000000d3580000)
 Metaspace       used 84652K, committed 86208K, reserved 1179648K
  class space    used 8455K, committed 9152K, reserved 1048576K
}
Event: 1640.954 GC heap after
{Heap after GC invocations=4884 (full 5):
 PSYoungGen      total 9216K, used 2112K [0x00000000d5580000, 0x00000000d6200000, 0x0000000100000000)
  eden space 6656K, 0% used [0x00000000d5580000,0x00000000d5580000,0x00000000d5c00000)
  from space 2560K, 82% used [0x00000000d5e00000,0x00000000d6010000,0x00000000d6080000)
  to   space 1536K, 0% used [0x00000000d6080000,0x00000000d6080000,0x00000000d6200000)
 ParOldGen       total 1365504K, used 936326K [0x0000000080000000, 0x00000000d3580000, 0x00000000d5580000)
  object space 1365504K, 68% used [0x0000000080000000,0x00000000b9261ba8,0x00000000d3580000)
 Metaspace       used 84652K, committed 86208K, reserved 1179648K
  class space    used 8455K, committed 9152K, reserved 1048576K
}
Event: 1641.058 GC heap before
{Heap before GC invocations=4885 (full 5):
 PSYoungGen      total 9216K, used 8768K [0x00000000d5580000, 0x00000000d6200000, 0x0000000100000000)
  eden space 6656K, 100% used [0x00000000d5580000,0x00000000d5c00000,0x00000000d5c00000)
  from space 2560K, 82% used [0x00000000d5e00000,0x00000000d6010000,0x00000000d6080000)
  to   space 1536K, 0% used [0x00000000d6080000,0x00000000d6080000,0x00000000d6200000)
 ParOldGen       total 1365504K, used 936326K [0x0000000080000000, 0x00000000d3580000, 0x00000000d5580000)
  object space 1365504K, 68% used [0x0000000080000000,0x00000000b9261ba8,0x00000000d3580000)
 Metaspace       used 84749K, committed 86336K, reserved 1179648K
  class space    used 8467K, committed 9152K, reserved 1048576K
}
Event: 1641.060 GC heap after
{Heap after GC invocations=4885 (full 5):
 PSYoungGen      total 8192K, used 1280K [0x00000000d5580000, 0x00000000d6200000, 0x0000000100000000)
  eden space 6656K, 0% used [0x00000000d5580000,0x00000000d5580000,0x00000000d5c00000)
  from space 1536K, 83% used [0x00000000d6080000,0x00000000d61c0000,0x00000000d6200000)
  to   space 2048K, 0% used [0x00000000d5e00000,0x00000000d5e00000,0x00000000d6000000)
 ParOldGen       total 1365504K, used 936542K [0x0000000080000000, 0x00000000d3580000, 0x00000000d5580000)
  object space 1365504K, 68% used [0x0000000080000000,0x00000000b9297ba8,0x00000000d3580000)
 Metaspace       used 84749K, committed 86336K, reserved 1179648K
  class space    used 8467K, committed 9152K, reserved 1048576K
}
Event: 1641.248 GC heap before
{Heap before GC invocations=4886 (full 5):
 PSYoungGen      total 8192K, used 7936K [0x00000000d5580000, 0x00000000d6200000, 0x0000000100000000)
  eden space 6656K, 100% used [0x00000000d5580000,0x00000000d5c00000,0x00000000d5c00000)
  from space 1536K, 83% used [0x00000000d6080000,0x00000000d61c0000,0x00000000d6200000)
  to   space 2048K, 0% used [0x00000000d5e00000,0x00000000d5e00000,0x00000000d6000000)
 ParOldGen       total 1365504K, used 936542K [0x0000000080000000, 0x00000000d3580000, 0x00000000d5580000)
  object space 1365504K, 68% used [0x0000000080000000,0x00000000b9297ba8,0x00000000d3580000)
 Metaspace       used 84750K, committed 86336K, reserved 1179648K
  class space    used 8467K, committed 9152K, reserved 1048576K
}
Event: 1641.251 GC heap after
{Heap after GC invocations=4886 (full 5):
 PSYoungGen      total 8192K, used 1360K [0x00000000d5580000, 0x00000000d6100000, 0x0000000100000000)
  eden space 6656K, 0% used [0x00000000d5580000,0x00000000d5580000,0x00000000d5c00000)
  from space 1536K, 88% used [0x00000000d5e00000,0x00000000d5f54010,0x00000000d5f80000)
  to   space 1536K, 0% used [0x00000000d5f80000,0x00000000d5f80000,0x00000000d6100000)
 ParOldGen       total 1365504K, used 936838K [0x0000000080000000, 0x00000000d3580000, 0x00000000d5580000)
  object space 1365504K, 68% used [0x0000000080000000,0x00000000b92e1ba8,0x00000000d3580000)
 Metaspace       used 84750K, committed 86336K, reserved 1179648K
  class space    used 8467K, committed 9152K, reserved 1048576K
}
Event: 1641.453 GC heap before
{Heap before GC invocations=4887 (full 5):
 PSYoungGen      total 8192K, used 8016K [0x00000000d5580000, 0x00000000d6100000, 0x0000000100000000)
  eden space 6656K, 100% used [0x00000000d5580000,0x00000000d5c00000,0x00000000d5c00000)
  from space 1536K, 88% used [0x00000000d5e00000,0x00000000d5f54010,0x00000000d5f80000)
  to   space 1536K, 0% used [0x00000000d5f80000,0x00000000d5f80000,0x00000000d6100000)
 ParOldGen       total 1365504K, used 936838K [0x0000000080000000, 0x00000000d3580000, 0x00000000d5580000)
  object space 1365504K, 68% used [0x0000000080000000,0x00000000b92e1ba8,0x00000000d3580000)
 Metaspace       used 84752K, committed 86336K, reserved 1179648K
  class space    used 8467K, committed 9152K, reserved 1048576K
}
Event: 1641.457 GC heap after
{Heap after GC invocations=4887 (full 5):
 PSYoungGen      total 7168K, used 480K [0x00000000d5580000, 0x00000000d6000000, 0x0000000100000000)
  eden space 6656K, 0% used [0x00000000d5580000,0x00000000d5580000,0x00000000d5c00000)
  from space 512K, 93% used [0x00000000d5f80000,0x00000000d5ff8000,0x00000000d6000000)
  to   space 1024K, 0% used [0x00000000d5e00000,0x00000000d5e00000,0x00000000d5f00000)
 ParOldGen       total 1365504K, used 938087K [0x0000000080000000, 0x00000000d3580000, 0x00000000d5580000)
  object space 1365504K, 68% used [0x0000000080000000,0x00000000b9419c78,0x00000000d3580000)
 Metaspace       used 84752K, committed 86336K, reserved 1179648K
  class space    used 8467K, committed 9152K, reserved 1048576K
}
Event: 1641.519 GC heap before
{Heap before GC invocations=4888 (full 5):
 PSYoungGen      total 7168K, used 7136K [0x00000000d5580000, 0x00000000d6000000, 0x0000000100000000)
  eden space 6656K, 100% used [0x00000000d5580000,0x00000000d5c00000,0x00000000d5c00000)
  from space 512K, 93% used [0x00000000d5f80000,0x00000000d5ff8000,0x00000000d6000000)
  to   space 1024K, 0% used [0x00000000d5e00000,0x00000000d5e00000,0x00000000d5f00000)
 ParOldGen       total 1365504K, used 938087K [0x0000000080000000, 0x00000000d3580000, 0x00000000d5580000)
  object space 1365504K, 68% used [0x0000000080000000,0x00000000b9419c78,0x00000000d3580000)
 Metaspace       used 84752K, committed 86336K, reserved 1179648K
  class space    used 8467K, committed 9152K, reserved 1048576K
}
Event: 1641.520 GC heap after
{Heap after GC invocations=4888 (full 5):
 PSYoungGen      total 7680K, used 1024K [0x00000000d5580000, 0x00000000d6000000, 0x0000000100000000)
  eden space 6656K, 0% used [0x00000000d5580000,0x00000000d5580000,0x00000000d5c00000)
  from space 1024K, 100% used [0x00000000d5e00000,0x00000000d5f00000,0x00000000d5f00000)
  to   space 1024K, 0% used [0x00000000d5f00000,0x00000000d5f00000,0x00000000d6000000)
 ParOldGen       total 1365504K, used 938248K [0x0000000080000000, 0x00000000d3580000, 0x00000000d5580000)
  object space 1365504K, 68% used [0x0000000080000000,0x00000000b9442298,0x00000000d3580000)
 Metaspace       used 84752K, committed 86336K, reserved 1179648K
  class space    used 8467K, committed 9152K, reserved 1048576K
}
Event: 1641.637 GC heap before
{Heap before GC invocations=4889 (full 5):
 PSYoungGen      total 7680K, used 7680K [0x00000000d5580000, 0x00000000d6000000, 0x0000000100000000)
  eden space 6656K, 100% used [0x00000000d5580000,0x00000000d5c00000,0x00000000d5c00000)
  from space 1024K, 100% used [0x00000000d5e00000,0x00000000d5f00000,0x00000000d5f00000)
  to   space 1024K, 0% used [0x00000000d5f00000,0x00000000d5f00000,0x00000000d6000000)
 ParOldGen       total 1365504K, used 938248K [0x0000000080000000, 0x00000000d3580000, 0x00000000d5580000)
  object space 1365504K, 68% used [0x0000000080000000,0x00000000b9442298,0x00000000d3580000)
 Metaspace       used 84752K, committed 86336K, reserved 1179648K
  class space    used 8467K, committed 9152K, reserved 1048576K
}
Event: 1641.639 GC heap after
{Heap after GC invocations=4889 (full 5):
 PSYoungGen      total 7680K, used 672K [0x00000000d5580000, 0x00000000d6000000, 0x0000000100000000)
  eden space 6656K, 0% used [0x00000000d5580000,0x00000000d5580000,0x00000000d5c00000)
  from space 1024K, 65% used [0x00000000d5f00000,0x00000000d5fa8000,0x00000000d6000000)
  to   space 1024K, 0% used [0x00000000d5e00000,0x00000000d5e00000,0x00000000d5f00000)
 ParOldGen       total 1365504K, used 939231K [0x0000000080000000, 0x00000000d3580000, 0x00000000d5580000)
  object space 1365504K, 68% used [0x0000000080000000,0x00000000b9537d28,0x00000000d3580000)
 Metaspace       used 84752K, committed 86336K, reserved 1179648K
  class space    used 8467K, committed 9152K, reserved 1048576K
}

